<?xml version="1.0" encoding="UTF-8" ?>
<testsuite tests="6" failures="0" name="FarmerTest" time="0.09" errors="0" skipped="0">
  <properties>
[...]
</properties>
  <testcase classname="FarmerTest" name="testReceiveOrder[0]" time="0.082"/>
  <testcase classname="FarmerTest" name="testPlaceEggsInCartonSize[0]" time="0.004"/>
  <testcase classname="FarmerTest" name="testReceiveOrder[1]" time="0.001"/>
  <testcase classname="FarmerTest" name="testPlaceEggsInCartonSize[1]" time="0"/>
  <testcase classname="FarmerTest" name="testReceiveOrder[2]" time="0.003"/>
  <testcase classname="FarmerTest" name="testPlaceEggsInCartonSize[2]" time="0"/>
</testsuite>